<?xml version="1.0" encoding="UTF-8"?>
<coverage generated="1646900264384" clover="3.2.0">
  <project timestamp="1646900264384" name="All files">
    <metrics statements="114" coveredstatements="114" conditionals="54" coveredconditionals="54" methods="47" coveredmethods="46" elements="215" coveredelements="214" complexity="0" loc="114" ncloc="114" packages="2" files="3" classes="3"/>
    <package name="examples">
      <metrics statements="28" coveredstatements="28" conditionals="0" coveredconditionals="0" methods="6" coveredmethods="6"/>
      <file name="vanilla.ts" path="/usr/local/google/home/pbreeden/source/de-formed/examples/vanilla.ts">
        <metrics statements="28" coveredstatements="28" conditionals="0" coveredconditionals="0" methods="6" coveredmethods="6"/>
        <line num="2" count="1" type="stmt"/>
        <line num="17" count="1" type="stmt"/>
        <line num="20" count="1" type="stmt"/>
        <line num="23" count="43" type="stmt"/>
        <line num="24" count="43" type="stmt"/>
        <line num="25" count="39" type="stmt"/>
        <line num="26" count="39" type="stmt"/>
        <line num="28" count="82" type="stmt"/>
        <line num="29" count="43" type="stmt"/>
        <line num="32" count="1" type="stmt"/>
        <line num="33" count="43" type="stmt"/>
        <line num="37" count="43" type="stmt"/>
        <line num="42" count="43" type="stmt"/>
        <line num="48" count="43" type="stmt"/>
        <line num="54" count="43" type="stmt"/>
        <line num="60" count="43" type="stmt"/>
        <line num="66" count="43" type="stmt"/>
        <line num="72" count="43" type="stmt"/>
        <line num="78" count="43" type="stmt"/>
        <line num="79" count="43" type="stmt"/>
        <line num="80" count="43" type="stmt"/>
        <line num="82" count="43" type="stmt"/>
        <line num="99" count="43" type="stmt"/>
        <line num="100" count="14" type="stmt"/>
        <line num="104" count="43" type="stmt"/>
        <line num="109" count="43" type="stmt"/>
        <line num="110" count="5" type="stmt"/>
        <line num="114" count="43" type="stmt"/>
      </file>
    </package>
    <package name="src">
      <metrics statements="86" coveredstatements="86" conditionals="54" coveredconditionals="54" methods="41" coveredmethods="40"/>
      <file name="index.ts" path="/usr/local/google/home/pbreeden/source/de-formed/src/index.ts">
        <metrics statements="73" coveredstatements="73" conditionals="43" coveredconditionals="43" methods="36" coveredmethods="35"/>
        <line num="17" count="1" type="stmt"/>
        <line num="24" count="1" type="stmt"/>
        <line num="25" count="1" type="stmt"/>
        <line num="32" count="109" type="stmt"/>
        <line num="34" count="109" type="cond" truecount="8" falsecount="0"/>
        <line num="39" count="1" type="stmt"/>
        <line num="42" count="34" type="stmt"/>
        <line num="43" count="34" type="stmt"/>
        <line num="44" count="104" type="cond" truecount="2" falsecount="0"/>
        <line num="53" count="1" type="stmt"/>
        <line num="56" count="5" type="stmt"/>
        <line num="57" count="5" type="stmt"/>
        <line num="58" count="5" type="stmt"/>
        <line num="59" count="15" type="cond" truecount="2" falsecount="0"/>
        <line num="68" count="1" type="stmt"/>
        <line num="71" count="44" type="stmt"/>
        <line num="72" count="130" type="stmt"/>
        <line num="85" count="77" type="stmt"/>
        <line num="90" count="77" type="cond" truecount="4" falsecount="0"/>
        <line num="92" count="77" type="stmt"/>
        <line num="94" count="139" type="cond" truecount="2" falsecount="0"/>
        <line num="98" count="77" type="stmt"/>
        <line num="108" count="1" type="stmt"/>
        <line num="112" count="44" type="stmt"/>
        <line num="113" count="13" type="stmt"/>
        <line num="117" count="13" type="stmt"/>
        <line num="118" count="13" type="stmt"/>
        <line num="126" count="1" type="stmt"/>
        <line num="129" count="43" type="stmt"/>
        <line num="130" count="1" type="stmt"/>
        <line num="137" count="1" type="stmt"/>
        <line num="141" count="46" type="stmt"/>
        <line num="142" count="7" type="stmt"/>
        <line num="143" count="7" type="stmt"/>
        <line num="147" count="7" type="stmt"/>
        <line num="148" count="7" type="cond" truecount="1" falsecount="0"/>
        <line num="149" count="4" type="stmt"/>
        <line num="151" count="7" type="stmt"/>
        <line num="160" count="1" type="stmt"/>
        <line num="164" count="43" type="stmt"/>
        <line num="168" count="10" type="stmt"/>
        <line num="169" count="10" type="stmt"/>
        <line num="170" count="29" type="stmt"/>
        <line num="175" count="10" type="stmt"/>
        <line num="176" count="10" type="stmt"/>
        <line num="184" count="1" type="stmt"/>
        <line num="188" count="43" type="stmt"/>
        <line num="192" count="10" type="stmt"/>
        <line num="193" count="10" type="stmt"/>
        <line num="194" count="28" type="stmt"/>
        <line num="195" count="28" type="cond" truecount="2" falsecount="0"/>
        <line num="197" count="10" type="stmt"/>
        <line num="198" count="10" type="stmt"/>
        <line num="206" count="1" type="stmt"/>
        <line num="208" count="43" type="stmt"/>
        <line num="211" count="3" type="cond" truecount="8" falsecount="0"/>
        <line num="218" count="1" type="stmt"/>
        <line num="220" count="48" type="stmt"/>
        <line num="223" count="25" type="cond" truecount="8" falsecount="0"/>
        <line num="230" count="1" type="stmt"/>
        <line num="232" count="43" type="stmt"/>
        <line num="235" count="7" type="stmt"/>
        <line num="241" count="1" type="stmt"/>
        <line num="245" count="43" type="stmt"/>
        <line num="246" count="1" type="stmt"/>
        <line num="250" count="1" type="stmt"/>
        <line num="255" count="1" type="stmt"/>
        <line num="262" count="1" type="stmt"/>
        <line num="266" count="43" type="stmt"/>
        <line num="269" count="3" type="stmt"/>
        <line num="273" count="3" type="stmt"/>
        <line num="278" count="3" type="stmt"/>
        <line num="279" count="3" type="stmt"/>
      </file>
      <file name="utilities.ts" path="/usr/local/google/home/pbreeden/source/de-formed/src/utilities.ts">
        <metrics statements="13" coveredstatements="13" conditionals="11" coveredconditionals="11" methods="5" coveredmethods="5"/>
        <line num="7" count="2" type="stmt"/>
        <line num="8" count="165" type="cond" truecount="2" falsecount="0"/>
        <line num="15" count="2" type="stmt"/>
        <line num="16" count="176" type="stmt"/>
        <line num="24" count="35" type="stmt"/>
        <line num="27" count="35" type="cond" truecount="2" falsecount="0"/>
        <line num="40" count="2" type="stmt"/>
        <line num="43" count="8" type="cond" truecount="5" falsecount="0"/>
        <line num="44" count="6" type="stmt"/>
        <line num="45" count="6" type="cond" truecount="2" falsecount="0"/>
        <line num="46" count="2" type="stmt"/>
        <line num="48" count="4" type="stmt"/>
        <line num="51" count="2" type="stmt"/>
      </file>
    </package>
  </project>
</coverage>
