{"/usr/local/google/home/pbreeden/source/de-formed/examples/vanilla.ts": {"path":"/usr/local/google/home/pbreeden/source/de-formed/examples/vanilla.ts","statementMap":{"0":{"start":{"line":2,"column":0},"end":{"line":2,"column":null}},"1":{"start":{"line":17,"column":0},"end":{"line":17,"column":43}},"2":{"start":{"line":20,"column":17},"end":{"line":30,"column":1}},"3":{"start":{"line":23,"column":14},"end":{"line":23,"column":32}},"4":{"start":{"line":24,"column":29},"end":{"line":27,"column":3}},"5":{"start":{"line":25,"column":4},"end":{"line":25,"column":17}},"6":{"start":{"line":26,"column":4},"end":{"line":26,"column":16}},"7":{"start":{"line":28,"column":29},"end":{"line":28,"column":40}},"8":{"start":{"line":28,"column":35},"end":{"line":28,"column":40}},"9":{"start":{"line":29,"column":2},"end":{"line":29,"column":50}},"10":{"start":{"line":33,"column":51},"end":{"line":34,"column":null}},"11":{"start":{"line":37,"column":31},"end":{"line":39,"column":null}},"12":{"start":{"line":42,"column":19},"end":{"line":45,"column":null}},"13":{"start":{"line":48,"column":22},"end":{"line":51,"column":null}},"14":{"start":{"line":54,"column":28},"end":{"line":57,"column":null}},"15":{"start":{"line":60,"column":25},"end":{"line":63,"column":null}},"16":{"start":{"line":66,"column":25},"end":{"line":69,"column":null}},"17":{"start":{"line":72,"column":27},"end":{"line":75,"column":null}},"18":{"start":{"line":78,"column":19},"end":{"line":78,"column":56}},"19":{"start":{"line":79,"column":23},"end":{"line":79,"column":64}},"20":{"start":{"line":80,"column":24},"end":{"line":80,"column":66}},"21":{"start":{"line":82,"column":48},"end":{"line":97,"column":4}},"22":{"start":{"line":99,"column":2},"end":{"line":102,"column":5}},"23":{"start":{"line":100,"column":15},"end":{"line":100,"column":51}},"24":{"start":{"line":104,"column":2},"end":{"line":107,"column":5}},"25":{"start":{"line":109,"column":2},"end":{"line":112,"column":5}},"26":{"start":{"line":110,"column":15},"end":{"line":110,"column":57}},"27":{"start":{"line":114,"column":2},"end":{"line":114,"column":26}},"28":{"start":{"line":32,"column":0},"end":{"line":32,"column":16}}},"fnMap":{"0":{"name":"(anonymous_0)","decl":{"start":{"line":20,"column":17},"end":{"line":20,"column":null}},"loc":{"start":{"line":22,"column":73},"end":{"line":30,"column":1}}},"1":{"name":"(anonymous_1)","decl":{"start":{"line":24,"column":29},"end":{"line":24,"column":30}},"loc":{"start":{"line":24,"column":55},"end":{"line":27,"column":3}}},"2":{"name":"(anonymous_2)","decl":{"start":{"line":28,"column":29},"end":{"line":28,"column":32}},"loc":{"start":{"line":28,"column":35},"end":{"line":28,"column":40}}},"3":{"name":"Validation","decl":{"start":{"line":32,"column":16},"end":{"line":32,"column":26}},"loc":{"start":{"line":32,"column":67},"end":{"line":115,"column":1}}},"4":{"name":"(anonymous_4)","decl":{"start":{"line":100,"column":9},"end":{"line":100,"column":12}},"loc":{"start":{"line":100,"column":15},"end":{"line":100,"column":51}}},"5":{"name":"(anonymous_5)","decl":{"start":{"line":110,"column":9},"end":{"line":110,"column":12}},"loc":{"start":{"line":110,"column":15},"end":{"line":110,"column":57}}}},"branchMap":{},"s":{"0":1,"1":1,"2":1,"3":43,"4":43,"5":39,"6":39,"7":43,"8":82,"9":43,"10":43,"11":43,"12":43,"13":43,"14":43,"15":43,"16":43,"17":43,"18":43,"19":43,"20":43,"21":43,"22":43,"23":14,"24":43,"25":43,"26":5,"27":43,"28":1},"f":{"0":43,"1":39,"2":82,"3":43,"4":14,"5":5},"b":{}}
,"/usr/local/google/home/pbreeden/source/de-formed/src/index.ts": {"path":"/usr/local/google/home/pbreeden/source/de-formed/src/index.ts","statementMap":{"0":{"start":{"line":17,"column":0},"end":{"line":17,"column":null}},"1":{"start":{"line":25,"column":8},"end":{"line":18,"column":null}},"2":{"start":{"line":24,"column":0},"end":{"line":24,"column":23}},"3":{"start":{"line":32,"column":31},"end":{"line":34,"column":null}},"4":{"start":{"line":32,"column":57},"end":{"line":34,"column":null}},"5":{"start":{"line":34,"column":14},"end":{"line":34,"column":null}},"6":{"start":{"line":32,"column":13},"end":{"line":32,"column":31}},"7":{"start":{"line":39,"column":32},"end":{"line":46,"column":1}},"8":{"start":{"line":42,"column":16},"end":{"line":42,"column":42}},"9":{"start":{"line":43,"column":2},"end":{"line":45,"column":null}},"10":{"start":{"line":44,"column":4},"end":{"line":44,"column":null}},"11":{"start":{"line":39,"column":13},"end":{"line":39,"column":32}},"12":{"start":{"line":53,"column":38},"end":{"line":63,"column":1}},"13":{"start":{"line":56,"column":26},"end":{"line":56,"column":42}},"14":{"start":{"line":57,"column":24},"end":{"line":57,"column":58}},"15":{"start":{"line":58,"column":2},"end":{"line":62,"column":null}},"16":{"start":{"line":59,"column":4},"end":{"line":61,"column":null}},"17":{"start":{"line":53,"column":13},"end":{"line":53,"column":38}},"18":{"start":{"line":68,"column":37},"end":{"line":79,"column":27}},"19":{"start":{"line":71,"column":2},"end":{"line":79,"column":27}},"20":{"start":{"line":72,"column":4},"end":{"line":78,"column":null}},"21":{"start":{"line":68,"column":13},"end":{"line":68,"column":37}},"22":{"start":{"line":85,"column":30},"end":{"line":102,"column":1}},"23":{"start":{"line":85,"column":76},"end":{"line":102,"column":1}},"24":{"start":{"line":90,"column":4},"end":{"line":90,"column":65}},"25":{"start":{"line":92,"column":17},"end":{"line":96,"column":29}},"26":{"start":{"line":94,"column":6},"end":{"line":94,"column":70}},"27":{"start":{"line":98,"column":2},"end":{"line":101,"column":null}},"28":{"start":{"line":85,"column":13},"end":{"line":85,"column":30}},"29":{"start":{"line":108,"column":30},"end":{"line":119,"column":1}},"30":{"start":{"line":112,"column":18},"end":{"line":119,"column":1}},"31":{"start":{"line":113,"column":16},"end":{"line":116,"column":null}},"32":{"start":{"line":117,"column":2},"end":{"line":117,"column":null}},"33":{"start":{"line":118,"column":2},"end":{"line":118,"column":null}},"34":{"start":{"line":108,"column":13},"end":{"line":108,"column":30}},"35":{"start":{"line":126,"column":42},"end":{"line":130,"column":63}},"36":{"start":{"line":129,"column":27},"end":{"line":130,"column":63}},"37":{"start":{"line":130,"column":4},"end":{"line":130,"column":63}},"38":{"start":{"line":126,"column":13},"end":{"line":126,"column":42}},"39":{"start":{"line":137,"column":36},"end":{"line":152,"column":1}},"40":{"start":{"line":141,"column":24},"end":{"line":152,"column":1}},"41":{"start":{"line":142,"column":16},"end":{"line":142,"column":42}},"42":{"start":{"line":143,"column":23},"end":{"line":146,"column":null}},"43":{"start":{"line":147,"column":16},"end":{"line":147,"column":55}},"44":{"start":{"line":148,"column":2},"end":{"line":150,"column":null}},"45":{"start":{"line":149,"column":4},"end":{"line":149,"column":null}},"46":{"start":{"line":151,"column":2},"end":{"line":151,"column":null}},"47":{"start":{"line":137,"column":13},"end":{"line":137,"column":36}},"48":{"start":{"line":160,"column":33},"end":{"line":177,"column":3}},"49":{"start":{"line":164,"column":21},"end":{"line":177,"column":3}},"50":{"start":{"line":168,"column":18},"end":{"line":168,"column":44}},"51":{"start":{"line":169,"column":25},"end":{"line":174,"column":13}},"52":{"start":{"line":170,"column":6},"end":{"line":173,"column":null}},"53":{"start":{"line":175,"column":4},"end":{"line":175,"column":null}},"54":{"start":{"line":176,"column":4},"end":{"line":176,"column":null}},"55":{"start":{"line":160,"column":13},"end":{"line":160,"column":33}},"56":{"start":{"line":184,"column":39},"end":{"line":199,"column":3}},"57":{"start":{"line":188,"column":27},"end":{"line":199,"column":3}},"58":{"start":{"line":192,"column":18},"end":{"line":192,"column":44}},"59":{"start":{"line":193,"column":25},"end":{"line":196,"column":13}},"60":{"start":{"line":194,"column":22},"end":{"line":194,"column":71}},"61":{"start":{"line":195,"column":6},"end":{"line":195,"column":null}},"62":{"start":{"line":197,"column":4},"end":{"line":197,"column":null}},"63":{"start":{"line":198,"column":4},"end":{"line":198,"column":null}},"64":{"start":{"line":184,"column":13},"end":{"line":184,"column":39}},"65":{"start":{"line":206,"column":34},"end":{"line":211,"column":null}},"66":{"start":{"line":208,"column":22},"end":{"line":211,"column":null}},"67":{"start":{"line":211,"column":5},"end":{"line":211,"column":null}},"68":{"start":{"line":206,"column":13},"end":{"line":206,"column":34}},"69":{"start":{"line":218,"column":30},"end":{"line":223,"column":null}},"70":{"start":{"line":220,"column":18},"end":{"line":223,"column":null}},"71":{"start":{"line":223,"column":13},"end":{"line":223,"column":null}},"72":{"start":{"line":218,"column":13},"end":{"line":218,"column":30}},"73":{"start":{"line":230,"column":35},"end":{"line":235,"column":47}},"74":{"start":{"line":232,"column":23},"end":{"line":235,"column":47}},"75":{"start":{"line":235,"column":14},"end":{"line":235,"column":47}},"76":{"start":{"line":230,"column":13},"end":{"line":230,"column":35}},"77":{"start":{"line":241,"column":36},"end":{"line":256,"column":1}},"78":{"start":{"line":245,"column":24},"end":{"line":256,"column":1}},"79":{"start":{"line":245,"column":38},"end":{"line":256,"column":1}},"80":{"start":{"line":246,"column":28},"end":{"line":249,"column":null}},"81":{"start":{"line":250,"column":19},"end":{"line":253,"column":null}},"82":{"start":{"line":255,"column":2},"end":{"line":255,"column":null}},"83":{"start":{"line":241,"column":13},"end":{"line":241,"column":36}},"84":{"start":{"line":262,"column":38},"end":{"line":280,"column":1}},"85":{"start":{"line":266,"column":26},"end":{"line":280,"column":1}},"86":{"start":{"line":266,"column":71},"end":{"line":280,"column":1}},"87":{"start":{"line":269,"column":28},"end":{"line":272,"column":null}},"88":{"start":{"line":273,"column":25},"end":{"line":276,"column":null}},"89":{"start":{"line":278,"column":2},"end":{"line":278,"column":null}},"90":{"start":{"line":279,"column":2},"end":{"line":279,"column":null}},"91":{"start":{"line":262,"column":13},"end":{"line":262,"column":38}}},"fnMap":{"0":{"name":"(anonymous_4)","decl":{"start":{"line":25,"column":8},"end":{"line":25,"column":22}},"loc":{"start":{"line":25,"column":8},"end":{"line":18,"column":null}}},"1":{"name":"(anonymous_5)","decl":{"start":{"line":32,"column":31},"end":{"line":32,"column":35}},"loc":{"start":{"line":32,"column":57},"end":{"line":34,"column":null}}},"2":{"name":"(anonymous_6)","decl":{"start":{"line":32,"column":57},"end":{"line":32,"column":null}},"loc":{"start":{"line":34,"column":13},"end":{"line":34,"column":null}}},"3":{"name":"(anonymous_7)","decl":{"start":{"line":39,"column":32},"end":{"line":39,"column":null}},"loc":{"start":{"line":41,"column":13},"end":{"line":46,"column":1}}},"4":{"name":"(anonymous_8)","decl":{"start":{"line":43,"column":44},"end":{"line":43,"column":45}},"loc":{"start":{"line":43,"column":58},"end":{"line":45,"column":3}}},"5":{"name":"(anonymous_9)","decl":{"start":{"line":53,"column":38},"end":{"line":53,"column":null}},"loc":{"start":{"line":55,"column":14},"end":{"line":63,"column":1}}},"6":{"name":"(anonymous_10)","decl":{"start":{"line":58,"column":55},"end":{"line":58,"column":56}},"loc":{"start":{"line":58,"column":69},"end":{"line":62,"column":3}}},"7":{"name":"(anonymous_11)","decl":{"start":{"line":68,"column":37},"end":{"line":68,"column":null}},"loc":{"start":{"line":71,"column":2},"end":{"line":79,"column":27}}},"8":{"name":"(anonymous_12)","decl":{"start":{"line":71,"column":56},"end":{"line":71,"column":57}},"loc":{"start":{"line":71,"column":69},"end":{"line":79,"column":3}}},"9":{"name":"(anonymous_13)","decl":{"start":{"line":85,"column":30},"end":{"line":85,"column":34}},"loc":{"start":{"line":85,"column":76},"end":{"line":102,"column":1}}},"10":{"name":"(anonymous_14)","decl":{"start":{"line":85,"column":76},"end":{"line":85,"column":null}},"loc":{"start":{"line":88,"column":29},"end":{"line":102,"column":1}}},"11":{"name":"(anonymous_15)","decl":{"start":{"line":93,"column":9},"end":{"line":93,"column":14}},"loc":{"start":{"line":94,"column":6},"end":{"line":94,"column":70}}},"12":{"name":"(anonymous_16)","decl":{"start":{"line":108,"column":30},"end":{"line":108,"column":null}},"loc":{"start":{"line":112,"column":18},"end":{"line":119,"column":1}}},"13":{"name":"(anonymous_17)","decl":{"start":{"line":112,"column":18},"end":{"line":112,"column":19}},"loc":{"start":{"line":112,"column":50},"end":{"line":119,"column":1}}},"14":{"name":"(anonymous_18)","decl":{"start":{"line":126,"column":42},"end":{"line":126,"column":null}},"loc":{"start":{"line":129,"column":27},"end":{"line":130,"column":63}}},"15":{"name":"(anonymous_19)","decl":{"start":{"line":129,"column":27},"end":{"line":129,"column":36}},"loc":{"start":{"line":130,"column":4},"end":{"line":130,"column":63}}},"16":{"name":"(anonymous_20)","decl":{"start":{"line":137,"column":36},"end":{"line":137,"column":null}},"loc":{"start":{"line":141,"column":24},"end":{"line":152,"column":1}}},"17":{"name":"(anonymous_21)","decl":{"start":{"line":141,"column":24},"end":{"line":141,"column":25}},"loc":{"start":{"line":141,"column":65},"end":{"line":152,"column":1}}},"18":{"name":"(anonymous_22)","decl":{"start":{"line":160,"column":33},"end":{"line":160,"column":null}},"loc":{"start":{"line":164,"column":21},"end":{"line":177,"column":3}}},"19":{"name":"(anonymous_23)","decl":{"start":{"line":164,"column":21},"end":{"line":164,"column":null}},"loc":{"start":{"line":167,"column":13},"end":{"line":177,"column":3}}},"20":{"name":"(anonymous_24)","decl":{"start":{"line":169,"column":55},"end":{"line":169,"column":56}},"loc":{"start":{"line":169,"column":73},"end":{"line":174,"column":5}}},"21":{"name":"(anonymous_25)","decl":{"start":{"line":184,"column":39},"end":{"line":184,"column":null}},"loc":{"start":{"line":188,"column":27},"end":{"line":199,"column":3}}},"22":{"name":"(anonymous_26)","decl":{"start":{"line":188,"column":27},"end":{"line":188,"column":null}},"loc":{"start":{"line":191,"column":13},"end":{"line":199,"column":3}}},"23":{"name":"(anonymous_27)","decl":{"start":{"line":193,"column":55},"end":{"line":193,"column":56}},"loc":{"start":{"line":193,"column":73},"end":{"line":196,"column":5}}},"24":{"name":"(anonymous_28)","decl":{"start":{"line":206,"column":34},"end":{"line":206,"column":null}},"loc":{"start":{"line":208,"column":22},"end":{"line":211,"column":null}}},"25":{"name":"(anonymous_29)","decl":{"start":{"line":208,"column":22},"end":{"line":208,"column":null}},"loc":{"start":{"line":211,"column":4},"end":{"line":211,"column":null}}},"26":{"name":"(anonymous_30)","decl":{"start":{"line":218,"column":30},"end":{"line":218,"column":null}},"loc":{"start":{"line":220,"column":18},"end":{"line":223,"column":null}}},"27":{"name":"(anonymous_31)","decl":{"start":{"line":220,"column":18},"end":{"line":220,"column":null}},"loc":{"start":{"line":223,"column":12},"end":{"line":223,"column":null}}},"28":{"name":"(anonymous_32)","decl":{"start":{"line":230,"column":35},"end":{"line":230,"column":null}},"loc":{"start":{"line":232,"column":23},"end":{"line":235,"column":47}}},"29":{"name":"(anonymous_33)","decl":{"start":{"line":232,"column":23},"end":{"line":232,"column":null}},"loc":{"start":{"line":235,"column":14},"end":{"line":235,"column":47}}},"30":{"name":"(anonymous_34)","decl":{"start":{"line":241,"column":36},"end":{"line":241,"column":null}},"loc":{"start":{"line":245,"column":24},"end":{"line":256,"column":1}}},"31":{"name":"(anonymous_35)","decl":{"start":{"line":245,"column":24},"end":{"line":245,"column":25}},"loc":{"start":{"line":245,"column":38},"end":{"line":256,"column":1}}},"32":{"name":"(anonymous_36)","decl":{"start":{"line":245,"column":38},"end":{"line":245,"column":39}},"loc":{"start":{"line":245,"column":59},"end":{"line":256,"column":1}}},"33":{"name":"(anonymous_37)","decl":{"start":{"line":262,"column":38},"end":{"line":262,"column":null}},"loc":{"start":{"line":266,"column":26},"end":{"line":280,"column":1}}},"34":{"name":"(anonymous_38)","decl":{"start":{"line":266,"column":26},"end":{"line":266,"column":27}},"loc":{"start":{"line":266,"column":71},"end":{"line":280,"column":1}}},"35":{"name":"(anonymous_39)","decl":{"start":{"line":266,"column":71},"end":{"line":266,"column":null}},"loc":{"start":{"line":268,"column":9},"end":{"line":280,"column":1}}}},"branchMap":{"0":{"loc":{"start":{"line":34,"column":14},"end":{"line":34,"column":66}},"type":"cond-expr","locations":[{"start":{"line":34,"column":58},"end":{"line":34,"column":62}},{"start":{"line":34,"column":62},"end":{"line":34,"column":66}}]},"1":{"loc":{"start":{"line":34,"column":14},"end":{"line":34,"column":62}},"type":"binary-expr","locations":[{"start":{"line":34,"column":14},"end":{"line":34,"column":62}},{"start":{"line":34,"column":58},"end":{"line":34,"column":62}}]},"2":{"loc":{"start":{"line":34,"column":14},"end":{"line":34,"column":58}},"type":"cond-expr","locations":[{"start":{"line":34,"column":49},"end":{"line":34,"column":51}},{"start":{"line":34,"column":49},"end":{"line":34,"column":58}}]},"3":{"loc":{"start":{"line":34,"column":14},"end":{"line":34,"column":51}},"type":"binary-expr","locations":[{"start":{"line":34,"column":14},"end":{"line":34,"column":51}},{"start":{"line":34,"column":49},"end":{"line":34,"column":51}}]},"4":{"loc":{"start":{"line":44,"column":11},"end":{"line":44,"column":51}},"type":"cond-expr","locations":[{"start":{"line":44,"column":17},"end":{"line":44,"column":45}},{"start":{"line":44,"column":48},"end":{"line":44,"column":51}}]},"5":{"loc":{"start":{"line":59,"column":11},"end":{"line":61,"column":11}},"type":"cond-expr","locations":[{"start":{"line":60,"column":8},"end":{"line":60,"column":48}},{"start":{"line":61,"column":8},"end":{"line":61,"column":11}}]},"6":{"loc":{"start":{"line":69,"column":2},"end":{"line":69,"column":44}},"type":"default-arg","locations":[{"start":{"line":69,"column":42},"end":{"line":69,"column":44}}]},"7":{"loc":{"start":{"line":90,"column":4},"end":{"line":90,"column":65}},"type":"cond-expr","locations":[{"start":{"line":90,"column":59},"end":{"line":90,"column":63}},{"start":{"line":90,"column":63},"end":{"line":90,"column":65}}]},"8":{"loc":{"start":{"line":90,"column":4},"end":{"line":90,"column":63}},"type":"binary-expr","locations":[{"start":{"line":90,"column":4},"end":{"line":90,"column":63}},{"start":{"line":90,"column":59},"end":{"line":90,"column":63}}]},"9":{"loc":{"start":{"line":94,"column":6},"end":{"line":94,"column":70}},"type":"cond-expr","locations":[{"start":{"line":94,"column":32},"end":{"line":94,"column":34}},{"start":{"line":94,"column":37},"end":{"line":94,"column":70}}]},"10":{"loc":{"start":{"line":148,"column":2},"end":{"line":150,"column":null}},"type":"if","locations":[{"start":{"line":148,"column":2},"end":{"line":150,"column":null}}]},"11":{"loc":{"start":{"line":166,"column":2},"end":{"line":166,"column":57}},"type":"default-arg","locations":[{"start":{"line":166,"column":10},"end":{"line":166,"column":57}}]},"12":{"loc":{"start":{"line":190,"column":2},"end":{"line":190,"column":57}},"type":"default-arg","locations":[{"start":{"line":190,"column":10},"end":{"line":190,"column":57}}]},"13":{"loc":{"start":{"line":195,"column":13},"end":{"line":195,"column":66}},"type":"cond-expr","locations":[{"start":{"line":195,"column":31},"end":{"line":195,"column":60}},{"start":{"line":195,"column":63},"end":{"line":195,"column":66}}]},"14":{"loc":{"start":{"line":210,"column":2},"end":{"line":210,"column":37}},"type":"default-arg","locations":[{"start":{"line":210,"column":11},"end":{"line":210,"column":37}}]},"15":{"loc":{"start":{"line":211,"column":5},"end":{"line":211,"column":35}},"type":"cond-expr","locations":[{"start":{"line":211,"column":29},"end":{"line":211,"column":33}},{"start":{"line":211,"column":33},"end":{"line":211,"column":35}}]},"16":{"loc":{"start":{"line":211,"column":5},"end":{"line":211,"column":33}},"type":"binary-expr","locations":[{"start":{"line":211,"column":5},"end":{"line":211,"column":33}},{"start":{"line":211,"column":29},"end":{"line":211,"column":33}}]},"17":{"loc":{"start":{"line":211,"column":5},"end":{"line":211,"column":29}},"type":"cond-expr","locations":[{"start":{"line":211,"column":21},"end":{"line":211,"column":23}},{"start":{"line":211,"column":21},"end":{"line":211,"column":29}}]},"18":{"loc":{"start":{"line":211,"column":5},"end":{"line":211,"column":23}},"type":"binary-expr","locations":[{"start":{"line":211,"column":5},"end":{"line":211,"column":23}},{"start":{"line":211,"column":21},"end":{"line":211,"column":23}}]},"19":{"loc":{"start":{"line":222,"column":2},"end":{"line":222,"column":37}},"type":"default-arg","locations":[{"start":{"line":222,"column":11},"end":{"line":222,"column":37}}]},"20":{"loc":{"start":{"line":223,"column":13},"end":{"line":223,"column":46}},"type":"cond-expr","locations":[{"start":{"line":223,"column":40},"end":{"line":223,"column":44}},{"start":{"line":223,"column":44},"end":{"line":223,"column":46}}]},"21":{"loc":{"start":{"line":223,"column":13},"end":{"line":223,"column":44}},"type":"binary-expr","locations":[{"start":{"line":223,"column":13},"end":{"line":223,"column":44}},{"start":{"line":223,"column":40},"end":{"line":223,"column":44}}]},"22":{"loc":{"start":{"line":223,"column":13},"end":{"line":223,"column":40}},"type":"cond-expr","locations":[{"start":{"line":223,"column":29},"end":{"line":223,"column":31}},{"start":{"line":223,"column":29},"end":{"line":223,"column":40}}]},"23":{"loc":{"start":{"line":223,"column":13},"end":{"line":223,"column":31}},"type":"binary-expr","locations":[{"start":{"line":223,"column":13},"end":{"line":223,"column":31}},{"start":{"line":223,"column":29},"end":{"line":223,"column":31}}]},"24":{"loc":{"start":{"line":234,"column":2},"end":{"line":234,"column":37}},"type":"default-arg","locations":[{"start":{"line":234,"column":11},"end":{"line":234,"column":37}}]}},"s":{"0":1,"1":1,"2":1,"3":1,"4":109,"5":109,"6":1,"7":1,"8":34,"9":34,"10":104,"11":1,"12":1,"13":5,"14":5,"15":5,"16":15,"17":1,"18":1,"19":44,"20":130,"21":1,"22":1,"23":77,"24":77,"25":77,"26":139,"27":77,"28":1,"29":1,"30":44,"31":13,"32":13,"33":13,"34":1,"35":1,"36":43,"37":1,"38":1,"39":1,"40":46,"41":7,"42":7,"43":7,"44":7,"45":4,"46":7,"47":1,"48":1,"49":43,"50":10,"51":10,"52":29,"53":10,"54":10,"55":1,"56":1,"57":43,"58":10,"59":10,"60":28,"61":28,"62":10,"63":10,"64":1,"65":1,"66":43,"67":3,"68":1,"69":1,"70":48,"71":25,"72":1,"73":1,"74":43,"75":7,"76":1,"77":1,"78":43,"79":1,"80":1,"81":1,"82":1,"83":1,"84":1,"85":43,"86":3,"87":3,"88":3,"89":3,"90":3,"91":1},"f":{"0":0,"1":109,"2":109,"3":34,"4":104,"5":5,"6":15,"7":44,"8":130,"9":77,"10":77,"11":139,"12":44,"13":13,"14":43,"15":1,"16":46,"17":7,"18":43,"19":10,"20":29,"21":43,"22":10,"23":28,"24":43,"25":3,"26":48,"27":25,"28":43,"29":7,"30":43,"31":1,"32":1,"33":43,"34":3,"35":3},"b":{"0":[108,1],"1":[109,109],"2":[1,108],"3":[109,109],"4":[82,22],"5":[4,11],"6":[1],"7":[71,6],"8":[77,77],"9":[106,33],"10":[4],"11":[9],"12":[8],"13":[21,7],"14":[3],"15":[2,1],"16":[3,3],"17":[1,2],"18":[3,3],"19":[25],"20":[9,16],"21":[25,25],"22":[1,24],"23":[25,25],"24":[7]}}
,"/usr/local/google/home/pbreeden/source/de-formed/src/utilities.ts": {"path":"/usr/local/google/home/pbreeden/source/de-formed/src/utilities.ts","statementMap":{"0":{"start":{"line":7,"column":25},"end":{"line":9,"column":1}},"1":{"start":{"line":8,"column":2},"end":{"line":8,"column":55}},"2":{"start":{"line":7,"column":13},"end":{"line":7,"column":25}},"3":{"start":{"line":15,"column":32},"end":{"line":17,"column":1}},"4":{"start":{"line":16,"column":2},"end":{"line":16,"column":31}},"5":{"start":{"line":15,"column":13},"end":{"line":15,"column":32}},"6":{"start":{"line":24,"column":29},"end":{"line":28,"column":1}},"7":{"start":{"line":24,"column":46},"end":{"line":28,"column":1}},"8":{"start":{"line":27,"column":2},"end":{"line":27,"column":null}},"9":{"start":{"line":24,"column":13},"end":{"line":24,"column":29}},"10":{"start":{"line":40,"column":30},"end":{"line":52,"column":1}},"11":{"start":{"line":43,"column":2},"end":{"line":50,"column":null}},"12":{"start":{"line":44,"column":41},"end":{"line":44,"column":53}},"13":{"start":{"line":45,"column":4},"end":{"line":49,"column":null}},"14":{"start":{"line":46,"column":6},"end":{"line":46,"column":31}},"15":{"start":{"line":48,"column":6},"end":{"line":48,"column":29}},"16":{"start":{"line":51,"column":2},"end":{"line":51,"column":null}},"17":{"start":{"line":40,"column":13},"end":{"line":40,"column":30}}},"fnMap":{"0":{"name":"(anonymous_0)","decl":{"start":{"line":7,"column":25},"end":{"line":7,"column":29}},"loc":{"start":{"line":7,"column":41},"end":{"line":9,"column":1}}},"1":{"name":"(anonymous_1)","decl":{"start":{"line":15,"column":32},"end":{"line":15,"column":33}},"loc":{"start":{"line":15,"column":57},"end":{"line":17,"column":1}}},"2":{"name":"(anonymous_2)","decl":{"start":{"line":24,"column":29},"end":{"line":24,"column":33}},"loc":{"start":{"line":24,"column":46},"end":{"line":28,"column":1}}},"3":{"name":"(anonymous_3)","decl":{"start":{"line":24,"column":46},"end":{"line":24,"column":null}},"loc":{"start":{"line":26,"column":4},"end":{"line":28,"column":1}}},"4":{"name":"(anonymous_4)","decl":{"start":{"line":40,"column":30},"end":{"line":40,"column":31}},"loc":{"start":{"line":42,"column":4},"end":{"line":52,"column":1}}}},"branchMap":{"0":{"loc":{"start":{"line":8,"column":9},"end":{"line":8,"column":54}},"type":"cond-expr","locations":[{"start":{"line":8,"column":39},"end":{"line":8,"column":46}},{"start":{"line":8,"column":49},"end":{"line":8,"column":54}}]},"1":{"loc":{"start":{"line":27,"column":9},"end":{"line":27,"column":47}},"type":"cond-expr","locations":[{"start":{"line":27,"column":35},"end":{"line":27,"column":43}},{"start":{"line":27,"column":46},"end":{"line":27,"column":47}}]},"2":{"loc":{"start":{"line":43,"column":2},"end":{"line":50,"column":null}},"type":"if","locations":[{"start":{"line":43,"column":2},"end":{"line":50,"column":null}}]},"3":{"loc":{"start":{"line":43,"column":6},"end":{"line":43,"column":19}},"type":"cond-expr","locations":[{"start":{"line":43,"column":11},"end":{"line":43,"column":13}},{"start":{"line":43,"column":6},"end":{"line":43,"column":19}}]},"4":{"loc":{"start":{"line":43,"column":6},"end":{"line":43,"column":13}},"type":"binary-expr","locations":[{"start":{"line":43,"column":6},"end":{"line":43,"column":13}},{"start":{"line":43,"column":6},"end":{"line":43,"column":13}}]},"5":{"loc":{"start":{"line":45,"column":4},"end":{"line":49,"column":null}},"type":"if","locations":[{"start":{"line":45,"column":4},"end":{"line":49,"column":null}},{"start":{"line":47,"column":11},"end":{"line":49,"column":null}}]}},"s":{"0":2,"1":165,"2":2,"3":2,"4":176,"5":2,"6":2,"7":35,"8":35,"9":2,"10":2,"11":8,"12":6,"13":6,"14":2,"15":4,"16":2,"17":2},"f":{"0":165,"1":176,"2":35,"3":35,"4":8},"b":{"0":[78,87],"1":[1,34],"2":[6],"3":[1,7],"4":[8,8],"5":[2,4]}}
}
