TN:
SF:examples/vanilla.ts
FN:20,(anonymous_0)
FN:24,(anonymous_1)
FN:28,(anonymous_2)
FN:32,Validation
FN:100,(anonymous_4)
FN:110,(anonymous_5)
FNF:6
FNH:6
FNDA:43,(anonymous_0)
FNDA:39,(anonymous_1)
FNDA:82,(anonymous_2)
FNDA:43,Validation
FNDA:14,(anonymous_4)
FNDA:5,(anonymous_5)
DA:2,1
DA:17,1
DA:20,1
DA:23,43
DA:24,43
DA:25,39
DA:26,39
DA:28,82
DA:29,43
DA:32,1
DA:33,43
DA:37,43
DA:42,43
DA:48,43
DA:54,43
DA:60,43
DA:66,43
DA:72,43
DA:78,43
DA:79,43
DA:80,43
DA:82,43
DA:99,43
DA:100,14
DA:104,43
DA:109,43
DA:110,5
DA:114,43
LF:28
LH:28
BRF:0
BRH:0
end_of_record
TN:
SF:src/index.ts
FN:25,(anonymous_4)
FN:32,(anonymous_5)
FN:32,(anonymous_6)
FN:39,(anonymous_7)
FN:43,(anonymous_8)
FN:53,(anonymous_9)
FN:58,(anonymous_10)
FN:68,(anonymous_11)
FN:71,(anonymous_12)
FN:85,(anonymous_13)
FN:85,(anonymous_14)
FN:93,(anonymous_15)
FN:108,(anonymous_16)
FN:112,(anonymous_17)
FN:126,(anonymous_18)
FN:129,(anonymous_19)
FN:137,(anonymous_20)
FN:141,(anonymous_21)
FN:160,(anonymous_22)
FN:164,(anonymous_23)
FN:169,(anonymous_24)
FN:184,(anonymous_25)
FN:188,(anonymous_26)
FN:193,(anonymous_27)
FN:206,(anonymous_28)
FN:208,(anonymous_29)
FN:218,(anonymous_30)
FN:220,(anonymous_31)
FN:230,(anonymous_32)
FN:232,(anonymous_33)
FN:241,(anonymous_34)
FN:245,(anonymous_35)
FN:245,(anonymous_36)
FN:262,(anonymous_37)
FN:266,(anonymous_38)
FN:266,(anonymous_39)
FNF:36
FNH:35
FNDA:0,(anonymous_4)
FNDA:109,(anonymous_5)
FNDA:109,(anonymous_6)
FNDA:34,(anonymous_7)
FNDA:104,(anonymous_8)
FNDA:5,(anonymous_9)
FNDA:15,(anonymous_10)
FNDA:44,(anonymous_11)
FNDA:130,(anonymous_12)
FNDA:77,(anonymous_13)
FNDA:77,(anonymous_14)
FNDA:139,(anonymous_15)
FNDA:44,(anonymous_16)
FNDA:13,(anonymous_17)
FNDA:43,(anonymous_18)
FNDA:1,(anonymous_19)
FNDA:46,(anonymous_20)
FNDA:7,(anonymous_21)
FNDA:43,(anonymous_22)
FNDA:10,(anonymous_23)
FNDA:29,(anonymous_24)
FNDA:43,(anonymous_25)
FNDA:10,(anonymous_26)
FNDA:28,(anonymous_27)
FNDA:43,(anonymous_28)
FNDA:3,(anonymous_29)
FNDA:48,(anonymous_30)
FNDA:25,(anonymous_31)
FNDA:43,(anonymous_32)
FNDA:7,(anonymous_33)
FNDA:43,(anonymous_34)
FNDA:1,(anonymous_35)
FNDA:1,(anonymous_36)
FNDA:43,(anonymous_37)
FNDA:3,(anonymous_38)
FNDA:3,(anonymous_39)
DA:17,1
DA:24,1
DA:25,1
DA:32,109
DA:34,109
DA:39,1
DA:42,34
DA:43,34
DA:44,104
DA:53,1
DA:56,5
DA:57,5
DA:58,5
DA:59,15
DA:68,1
DA:71,44
DA:72,130
DA:85,77
DA:90,77
DA:92,77
DA:94,139
DA:98,77
DA:108,1
DA:112,44
DA:113,13
DA:117,13
DA:118,13
DA:126,1
DA:129,43
DA:130,1
DA:137,1
DA:141,46
DA:142,7
DA:143,7
DA:147,7
DA:148,7
DA:149,4
DA:151,7
DA:160,1
DA:164,43
DA:168,10
DA:169,10
DA:170,29
DA:175,10
DA:176,10
DA:184,1
DA:188,43
DA:192,10
DA:193,10
DA:194,28
DA:195,28
DA:197,10
DA:198,10
DA:206,1
DA:208,43
DA:211,3
DA:218,1
DA:220,48
DA:223,25
DA:230,1
DA:232,43
DA:235,7
DA:241,1
DA:245,43
DA:246,1
DA:250,1
DA:255,1
DA:262,1
DA:266,43
DA:269,3
DA:273,3
DA:278,3
DA:279,3
LF:73
LH:73
BRDA:34,0,0,108
BRDA:34,0,1,1
BRDA:34,1,0,109
BRDA:34,1,1,109
BRDA:34,2,0,1
BRDA:34,2,1,108
BRDA:34,3,0,109
BRDA:34,3,1,109
BRDA:44,4,0,82
BRDA:44,4,1,22
BRDA:59,5,0,4
BRDA:59,5,1,11
BRDA:69,6,0,1
BRDA:90,7,0,71
BRDA:90,7,1,6
BRDA:90,8,0,77
BRDA:90,8,1,77
BRDA:94,9,0,106
BRDA:94,9,1,33
BRDA:148,10,0,4
BRDA:166,11,0,9
BRDA:190,12,0,8
BRDA:195,13,0,21
BRDA:195,13,1,7
BRDA:210,14,0,3
BRDA:211,15,0,2
BRDA:211,15,1,1
BRDA:211,16,0,3
BRDA:211,16,1,3
BRDA:211,17,0,1
BRDA:211,17,1,2
BRDA:211,18,0,3
BRDA:211,18,1,3
BRDA:222,19,0,25
BRDA:223,20,0,9
BRDA:223,20,1,16
BRDA:223,21,0,25
BRDA:223,21,1,25
BRDA:223,22,0,1
BRDA:223,22,1,24
BRDA:223,23,0,25
BRDA:223,23,1,25
BRDA:234,24,0,7
BRF:43
BRH:43
end_of_record
TN:
SF:src/utilities.ts
FN:7,(anonymous_0)
FN:15,(anonymous_1)
FN:24,(anonymous_2)
FN:24,(anonymous_3)
FN:40,(anonymous_4)
FNF:5
FNH:5
FNDA:165,(anonymous_0)
FNDA:176,(anonymous_1)
FNDA:35,(anonymous_2)
FNDA:35,(anonymous_3)
FNDA:8,(anonymous_4)
DA:7,2
DA:8,165
DA:15,2
DA:16,176
DA:24,35
DA:27,35
DA:40,2
DA:43,8
DA:44,6
DA:45,6
DA:46,2
DA:48,4
DA:51,2
LF:13
LH:13
BRDA:8,0,0,78
BRDA:8,0,1,87
BRDA:27,1,0,1
BRDA:27,1,1,34
BRDA:43,2,0,6
BRDA:43,3,0,1
BRDA:43,3,1,7
BRDA:43,4,0,8
BRDA:43,4,1,8
BRDA:45,5,0,2
BRDA:45,5,1,4
BRF:11
BRH:11
end_of_record
